#
# A fatal error has been detected by the Java Runtime Environment:
#
#  EXCEPTION_ACCESS_VIOLATION (0xc0000005) at pc=0x00007ffc807c3110, pid=11416, tid=0x0000000000002f58
#
# JRE version: Java(TM) SE Runtime Environment (8.0_144-b01) (build 1.8.0_144-b01)
# Java VM: Java HotSpot(TM) 64-Bit Server VM (25.144-b01 mixed mode windows-amd64 compressed oops)
# Problematic frame:
# C  [lwjgl_stb.dll+0x3110]
#
# Failed to write core dump. Minidumps are not enabled by default on client versions of Windows
#
# If you would like to submit a bug report, please visit:
#   http://bugreport.java.com/bugreport/crash.jsp
# The crash happened outside the Java Virtual Machine in native code.
# See problematic frame for where to report the bug.
#

---------------  T H R E A D  ---------------

Current thread (0x000000001ea08800):  JavaThread "Game Loop" [_thread_in_native, id=12120, stack(0x000000001fa20000,0x000000001fb20000)]

siginfo: ExceptionCode=0xc0000005, reading address 0x0000000029686001

Registers:
RAX=0x00000000002007e0, RBX=0x0000000000400000, RCX=0x0000000000000000, RDX=0x0000000000000000
RSP=0x000000001fb1e950, RBP=0x0000000000400000, RSI=0x0000000029285040, RDI=0x0000000029694040
R8 =0x0000000029a9403f, R9 =0x000000001fb1e8c0, R10=0x0000000000000000, R11=0x0000000000000246
R12=0x0000000000000000, R13=0x000000001c748fc0, R14=0x000000001fb6f3b0, R15=0x0000000029285040
RIP=0x00007ffc807c3110, EFLAGS=0x0000000000010283

Top of Stack: (sp=0x000000001fb1e950)
0x000000001fb1e950:   0000000000000002 0000000000000000
0x000000001fb1e960:   000000001ea08800 000000001fb6f3b0
0x000000001fb1e970:   000000001fb6f5a0 00007ffc807c325c
0x000000001fb1e980:   0000000000000004 000000001fb6f3b0
0x000000001fb1e990:   000000001fb6f430 000000001fb6f5a0
0x000000001fb1e9a0:   0000000000000004 000000001fb1e9c0
0x000000001fb1e9b0:   0000000000000008 00007ffc807f8e00
0x000000001fb1e9c0:   0000000000000002 0000000000000000
0x000000001fb1e9d0:   000000001ea08800 000000001fb1ec78
0x000000001fb1e9e0:   0000000021fdf3b0 000000001fb6f430
0x000000001fb1e9f0:   000000001fb6f5a0 00007ffc807c3860
0x000000001fb1ea00:   0000000021fdf3b0 00007ffc80804201
0x000000001fb1ea10:   0000000000000000 000000006642e12c
0x000000001fb1ea20:   ffffdb8800000004 0000000000c98000
0x000000001fb1ea30:   0000040000000400 0000000400000003
0x000000001fb1ea40:   00007ffc807c2c70 00007ffc807c2c90 

Instructions: (pc=0x00007ffc807c3110)
0x00007ffc807c30f0:   0f db 05 c9 50 05 00 66 0f 67 c0 66 0f d6 04 39
0x00007ffc807c3100:   3b d3 7c bc 48 63 c2 48 3b c5 7d 14 0f 1f 40 00
0x00007ffc807c3110:   0f b6 4c 46 01 88 0c 38 48 ff c0 48 3b c5 7c f0
0x00007ffc807c3120:   48 8b ce ff 15 a7 ab 06 00 48 8b c7 48 8b 5c 24 


Register to memory mapping:

RAX=0x00000000002007e0 is an unknown value
RBX=0x0000000000400000 is an unknown value
RCX=0x0000000000000000 is an unknown value
RDX=0x0000000000000000 is an unknown value
RSP=0x000000001fb1e950 is pointing into the stack for thread: 0x000000001ea08800
RBP=0x0000000000400000 is an unknown value
RSI=0x0000000029285040 is an unknown value
RDI=0x0000000029694040 is an unknown value
R8 =0x0000000029a9403f is an unknown value
R9 =0x000000001fb1e8c0 is pointing into the stack for thread: 0x000000001ea08800
R10=0x0000000000000000 is an unknown value
R11=0x0000000000000246 is an unknown value
R12=0x0000000000000000 is an unknown value
R13={method} {0x000000001c748fc8} 'nstbi_load' '(JJJJI)J' in 'org/lwjgl/stb/STBImage'
R14=0x000000001fb6f3b0 is an unknown value
R15=0x0000000029285040 is an unknown value


Stack: [0x000000001fa20000,0x000000001fb20000],  sp=0x000000001fb1e950,  free space=1018k
Native frames: (J=compiled Java code, j=interpreted, Vv=VM code, C=native code)
C  [lwjgl_stb.dll+0x3110]
C  [lwjgl_stb.dll+0x325c]
C  [lwjgl_stb.dll+0x3860]
C  [lwjgl_stb.dll+0x3763]
C  0x0000000002ec7f74

Java frames: (J=compiled Java code, j=interpreted, Vv=VM code)
j  org.lwjgl.stb.STBImage.nstbi_load(JJJJI)J+0
j  org.lwjgl.stb.STBImage.stbi_load(Ljava/lang/CharSequence;Ljava/nio/IntBuffer;Ljava/nio/IntBuffer;Ljava/nio/IntBuffer;I)Ljava/nio/ByteBuffer;+60
j  loaders.CubeMapLoader.stbImageLoad(Ljava/lang/String;Ljava/nio/IntBuffer;Ljava/nio/IntBuffer;Ljava/nio/IntBuffer;)Ljava/nio/ByteBuffer;+26
j  loaders.CubeMapLoader.loadCubeMap([Ljava/lang/String;)I+85
j  example.ResourceLoader.loadSkybox(FLjava/lang/String;)Lskybox/Skybox;+756
j  example.LinkStart.run()V+138
j  java.lang.Thread.run()V+11
v  ~StubRoutines::call_stub

---------------  P R O C E S S  ---------------

Java Threads: ( => current thread )
  0x0000000002db0800 JavaThread "DestroyJavaVM" [_thread_blocked, id=15300, stack(0x0000000002cb0000,0x0000000002db0000)]
=>0x000000001ea08800 JavaThread "Game Loop" [_thread_in_native, id=12120, stack(0x000000001fa20000,0x000000001fb20000)]
  0x000000001e951000 JavaThread "Service Thread" daemon [_thread_blocked, id=14296, stack(0x000000001f470000,0x000000001f570000)]
  0x000000001e8c2000 JavaThread "C1 CompilerThread3" daemon [_thread_blocked, id=7020, stack(0x000000001f370000,0x000000001f470000)]
  0x000000001e8bf000 JavaThread "C2 CompilerThread2" daemon [_thread_blocked, id=13892, stack(0x000000001f270000,0x000000001f370000)]
  0x000000001e8af000 JavaThread "C2 CompilerThread1" daemon [_thread_blocked, id=14800, stack(0x000000001f170000,0x000000001f270000)]
  0x000000001e8ad000 JavaThread "C2 CompilerThread0" daemon [_thread_blocked, id=9548, stack(0x000000001f070000,0x000000001f170000)]
  0x000000001e8aa000 JavaThread "Attach Listener" daemon [_thread_blocked, id=880, stack(0x000000001ef70000,0x000000001f070000)]
  0x000000001e8a9800 JavaThread "Signal Dispatcher" daemon [_thread_blocked, id=14676, stack(0x000000001ee70000,0x000000001ef70000)]
  0x0000000002ead800 JavaThread "Finalizer" daemon [_thread_blocked, id=3964, stack(0x000000001ec30000,0x000000001ed30000)]
  0x000000001c95d800 JavaThread "Reference Handler" daemon [_thread_blocked, id=7844, stack(0x000000001e730000,0x000000001e830000)]

Other Threads:
  0x000000001c958800 VMThread [stack: 0x000000001e630000,0x000000001e730000] [id=15180]
  0x000000001e9d4800 WatcherThread [stack: 0x000000001f920000,0x000000001fa20000] [id=12920]

VM state:not at safepoint (normal execution)

VM Mutex/Monitor currently owned by a thread: None

Heap:
 PSYoungGen      total 76288K, used 15747K [0x000000076b180000, 0x0000000770680000, 0x00000007c0000000)
  eden space 65536K, 24% used [0x000000076b180000,0x000000076c0e0e18,0x000000076f180000)
  from space 10752K, 0% used [0x000000076fc00000,0x000000076fc00000,0x0000000770680000)
  to   space 10752K, 0% used [0x000000076f180000,0x000000076f180000,0x000000076fc00000)
 ParOldGen       total 175104K, used 0K [0x00000006c1400000, 0x00000006cbf00000, 0x000000076b180000)
  object space 175104K, 0% used [0x00000006c1400000,0x00000006c1400000,0x00000006cbf00000)
 Metaspace       used 8712K, capacity 9033K, committed 9216K, reserved 1056768K
  class space    used 818K, capacity 918K, committed 1024K, reserved 1048576K

Card table byte_map: [0x0000000012270000,0x0000000012a70000] byte_map_base: 0x000000000ec66000

Marking Bits: (ParMarkBitMap*) 0x0000000066b3d850
 Begin Bits: [0x00000000137c0000, 0x0000000017770000)
 End Bits:   [0x0000000017770000, 0x000000001b720000)

Polling page: 0x0000000002880000

CodeCache: size=245760Kb used=2856Kb max_used=2856Kb free=242903Kb
 bounds [0x0000000002eb0000, 0x0000000003180000, 0x0000000011eb0000]
 total_blobs=1501 nmethods=657 adapters=757
 compilation: enabled

Compilation events (10 events):
Event: 1.715 Thread 0x000000001e8c2000  654       3       java.util.regex.Pattern$Slice::match (79 bytes)
Event: 1.715 Thread 0x000000001e8c2000 nmethod 654 0x0000000003179590 code [0x0000000003179720, 0x0000000003179bd8]
Event: 1.715 Thread 0x000000001e8c2000  655       3       java.util.regex.Pattern$5::isSatisfiedBy (28 bytes)
Event: 1.715 Thread 0x000000001e8c2000 nmethod 655 0x0000000003179dd0 code [0x0000000003179f60, 0x000000000317a2f8]
Event: 1.715 Thread 0x000000001e8c2000  656       3       java.util.regex.Pattern$CharProperty::match (56 bytes)
Event: 1.715 Thread 0x000000001e8c2000 nmethod 656 0x000000000317a410 code [0x000000000317a5a0, 0x000000000317aa88]
Event: 1.715 Thread 0x000000001e8c2000  657       3       java.lang.Character::codePointAt (51 bytes)
Event: 1.716 Thread 0x000000001e8c2000 nmethod 657 0x000000000317ac10 code [0x000000000317adc0, 0x000000000317b468]
Event: 1.716 Thread 0x000000001e8c2000  653       3       java.util.regex.Pattern$Node::match (27 bytes)
Event: 1.716 Thread 0x000000001e8c2000 nmethod 653 0x000000000317b610 code [0x000000000317b780, 0x000000000317b930]

GC Heap History (0 events):
No events

Deoptimization events (0 events):
No events

Internal exceptions (10 events):
Event: 0.086 Thread 0x0000000002db0800 Exception <a 'java/io/FileNotFoundException'> (0x000000076b2146c0) thrown at [C:\re\workspace\8-2-build-windows-amd64-cygwin\jdk8u144\9417\hotspot\src\share\vm\prims\jni.cpp, line 709]
Event: 0.130 Thread 0x000000001ea08800 Exception <a 'java/lang/NoSuchMethodError': java.lang.Object.lambda$static$0(Ljava/lang/String;)Ljava/lang/Boolean;> (0x000000076b5ee488) thrown at [C:\re\workspace\8-2-build-windows-amd64-cygwin\jdk8u144\9417\hotspot\src\share\vm\interpreter\linkResolver
Event: 0.139 Thread 0x000000001ea08800 Exception <a 'java/lang/NoSuchFieldError': method resolution failed> (0x000000076b666260) thrown at [C:\re\workspace\8-2-build-windows-amd64-cygwin\jdk8u144\9417\hotspot\src\share\vm\prims\methodHandles.cpp, line 1146]
Event: 0.140 Thread 0x000000001ea08800 Exception <a 'java/lang/NoSuchFieldError': method resolution failed> (0x000000076b673630) thrown at [C:\re\workspace\8-2-build-windows-amd64-cygwin\jdk8u144\9417\hotspot\src\share\vm\prims\methodHandles.cpp, line 1146]
Event: 0.182 Thread 0x000000001ea08800 Exception <a 'java/security/PrivilegedActionException'> (0x000000076b7dfd00) thrown at [C:\re\workspace\8-2-build-windows-amd64-cygwin\jdk8u144\9417\hotspot\src\share\vm\prims\jvm.cpp, line 1390]
Event: 0.182 Thread 0x000000001ea08800 Exception <a 'java/security/PrivilegedActionException'> (0x000000076b7dff10) thrown at [C:\re\workspace\8-2-build-windows-amd64-cygwin\jdk8u144\9417\hotspot\src\share\vm\prims\jvm.cpp, line 1390]
Event: 0.183 Thread 0x000000001ea08800 Exception <a 'java/security/PrivilegedActionException'> (0x000000076b7e3d68) thrown at [C:\re\workspace\8-2-build-windows-amd64-cygwin\jdk8u144\9417\hotspot\src\share\vm\prims\jvm.cpp, line 1390]
Event: 0.183 Thread 0x000000001ea08800 Exception <a 'java/security/PrivilegedActionException'> (0x000000076b7e3f78) thrown at [C:\re\workspace\8-2-build-windows-amd64-cygwin\jdk8u144\9417\hotspot\src\share\vm\prims\jvm.cpp, line 1390]
Event: 1.522 Thread 0x000000001ea08800 Exception <a 'sun/nio/fs/WindowsException'> (0x000000076b9b5880) thrown at [C:\re\workspace\8-2-build-windows-amd64-cygwin\jdk8u144\9417\hotspot\src\share\vm\prims\jni.cpp, line 709]
Event: 1.522 Thread 0x000000001ea08800 Exception <a 'sun/nio/fs/WindowsException'> (0x000000076b9b60b8) thrown at [C:\re\workspace\8-2-build-windows-amd64-cygwin\jdk8u144\9417\hotspot\src\share\vm\prims\jni.cpp, line 709]

Events (10 events):
Event: 1.706 loading class example/DirectionalLight
Event: 1.706 loading class example/DirectionalLight done
Event: 1.706 loading class skybox/Skybox
Event: 1.706 loading class skybox/Skybox done
Event: 1.707 loading class wrapper/RawMesh
Event: 1.707 loading class wrapper/RawMesh done
Event: 1.708 loading class org/lwjgl/stb/STBImage
Event: 1.708 loading class org/lwjgl/stb/STBImage done
Event: 1.709 loading class org/lwjgl/stb/LibSTB
Event: 1.709 loading class org/lwjgl/stb/LibSTB done


Dynamic libraries:
0x00007ff6f6fd0000 - 0x00007ff6f7007000 	C:\Program Files\Java\jre1.8.0_144\bin\javaw.exe
0x00007ffcb5a10000 - 0x00007ffcb5beb000 	C:\WINDOWS\SYSTEM32\ntdll.dll
0x00007ffc90cb0000 - 0x00007ffc90ce3000 	C:\Program Files\AVAST Software\Avast\x64\aswhooka.dll
0x00007ffcb3aa0000 - 0x00007ffcb3b4e000 	C:\WINDOWS\System32\KERNEL32.DLL
0x00007ffcb1f10000 - 0x00007ffcb2159000 	C:\WINDOWS\System32\KERNELBASE.dll
0x00007ffcb31a0000 - 0x00007ffcb3241000 	C:\WINDOWS\System32\ADVAPI32.dll
0x00007ffcb38a0000 - 0x00007ffcb393d000 	C:\WINDOWS\System32\msvcrt.dll
0x00007ffcb2f50000 - 0x00007ffcb2fa9000 	C:\WINDOWS\System32\sechost.dll
0x00007ffcb4400000 - 0x00007ffcb4525000 	C:\WINDOWS\System32\RPCRT4.dll
0x00007ffcb4270000 - 0x00007ffcb43ba000 	C:\WINDOWS\System32\USER32.dll
0x00007ffcb2960000 - 0x00007ffcb297e000 	C:\WINDOWS\System32\win32u.dll
0x00007ffcb5970000 - 0x00007ffcb5997000 	C:\WINDOWS\System32\GDI32.dll
0x00007ffcb2a80000 - 0x00007ffcb2c08000 	C:\WINDOWS\System32\gdi32full.dll
0x00007ffcb28c0000 - 0x00007ffcb295a000 	C:\WINDOWS\System32\msvcp_win.dll
0x00007ffcb2c10000 - 0x00007ffcb2d06000 	C:\WINDOWS\System32\ucrtbase.dll
0x00007ffca8010000 - 0x00007ffca8277000 	C:\WINDOWS\WinSxS\amd64_microsoft.windows.common-controls_6595b64144ccf1df_6.0.15063.483_none_26002d27e7c744a2\COMCTL32.dll
0x00007ffcb3da0000 - 0x00007ffcb4099000 	C:\WINDOWS\System32\combase.dll
0x00007ffcb2ee0000 - 0x00007ffcb2f4a000 	C:\WINDOWS\System32\bcryptPrimitives.dll
0x00007ffcb43c0000 - 0x00007ffcb43ed000 	C:\WINDOWS\System32\IMM32.DLL
0x0000000066160000 - 0x0000000066232000 	C:\Program Files\Java\jre1.8.0_144\bin\msvcr100.dll
0x0000000066320000 - 0x0000000066bbd000 	C:\Program Files\Java\jre1.8.0_144\bin\server\jvm.dll
0x00007ffcb59a0000 - 0x00007ffcb59a8000 	C:\WINDOWS\System32\PSAPI.DLL
0x00007ffca1290000 - 0x00007ffca1299000 	C:\WINDOWS\SYSTEM32\WSOCK32.dll
0x00007ffcb33f0000 - 0x00007ffcb345c000 	C:\WINDOWS\System32\WS2_32.dll
0x00007ffcaeab0000 - 0x00007ffcaead3000 	C:\WINDOWS\SYSTEM32\WINMM.dll
0x00007ffcad8e0000 - 0x00007ffcad8ea000 	C:\WINDOWS\SYSTEM32\VERSION.dll
0x00007ffcaea50000 - 0x00007ffcaea7b000 	C:\WINDOWS\SYSTEM32\WINMMBASE.dll
0x00007ffcb2980000 - 0x00007ffcb29c9000 	C:\WINDOWS\System32\cfgmgr32.dll
0x0000000066310000 - 0x000000006631f000 	C:\Program Files\Java\jre1.8.0_144\bin\verify.dll
0x00000000662e0000 - 0x0000000066309000 	C:\Program Files\Java\jre1.8.0_144\bin\java.dll
0x00000000662c0000 - 0x00000000662d6000 	C:\Program Files\Java\jre1.8.0_144\bin\zip.dll
0x00007ffcb4530000 - 0x00007ffcb5967000 	C:\WINDOWS\System32\SHELL32.dll
0x00007ffcb40a0000 - 0x00007ffcb414a000 	C:\WINDOWS\System32\shcore.dll
0x00007ffcb21c0000 - 0x00007ffcb28b3000 	C:\WINDOWS\System32\windows.storage.dll
0x00007ffcb3140000 - 0x00007ffcb3191000 	C:\WINDOWS\System32\shlwapi.dll
0x00007ffcb1e80000 - 0x00007ffcb1e91000 	C:\WINDOWS\System32\kernel.appcore.dll
0x00007ffcb1ec0000 - 0x00007ffcb1f0c000 	C:\WINDOWS\System32\powrprof.dll
0x00007ffcb1ea0000 - 0x00007ffcb1eb5000 	C:\WINDOWS\System32\profapi.dll
0x00000000662a0000 - 0x00000000662ba000 	C:\Program Files\Java\jre1.8.0_144\bin\net.dll
0x00007ffcb1770000 - 0x00007ffcb17cc000 	C:\WINDOWS\system32\mswsock.dll
0x0000000066280000 - 0x0000000066291000 	C:\Program Files\Java\jre1.8.0_144\bin\nio.dll
0x00007ffc857a0000 - 0x00007ffc857f7000 	C:\Users\Kekzdealer\AppData\Local\Temp\lwjglKekzdealer\3.1.2-build-29\lwjgl.dll
0x00007ffca8520000 - 0x00007ffca855d000 	C:\Users\KEKZDE~1\AppData\Local\Temp\lwjglKekzdealer\3.1.2-build-29\glfw.dll
0x00007ffcb0560000 - 0x00007ffcb05f5000 	C:\WINDOWS\system32\uxtheme.dll
0x00007ffca82b0000 - 0x00007ffca82f2000 	C:\WINDOWS\SYSTEM32\dinput8.dll
0x00007ffcb0230000 - 0x00007ffcb023e000 	C:\WINDOWS\SYSTEM32\xinput1_4.dll
0x00007ffcb09e0000 - 0x00007ffcb0a08000 	C:\WINDOWS\SYSTEM32\DEVOBJ.dll
0x00007ffcae7f0000 - 0x00007ffcae81a000 	C:\WINDOWS\SYSTEM32\dwmapi.dll
0x00007ffcb2fd0000 - 0x00007ffcb3136000 	C:\WINDOWS\System32\MSCTF.dll
0x00007ffcb3940000 - 0x00007ffcb3a00000 	C:\WINDOWS\System32\OLEAUT32.dll
0x00007ffcb0c40000 - 0x00007ffcb0c4d000 	C:\WINDOWS\SYSTEM32\HID.DLL
0x00007ffcb3460000 - 0x00007ffcb389b000 	C:\WINDOWS\System32\SETUPAPI.DLL
0x00007ffcb2160000 - 0x00007ffcb21b6000 	C:\WINDOWS\System32\WINTRUST.dll
0x00007ffcb1e60000 - 0x00007ffcb1e71000 	C:\WINDOWS\System32\MSASN1.dll
0x00007ffcb2d10000 - 0x00007ffcb2ed9000 	C:\WINDOWS\System32\CRYPT32.dll
0x00007ffc78a80000 - 0x00007ffc78ba1000 	C:\WINDOWS\SYSTEM32\opengl32.dll
0x00007ffca43f0000 - 0x00007ffca441c000 	C:\WINDOWS\SYSTEM32\GLU32.dll
0x0000000062aa0000 - 0x0000000064c9a000 	C:\WINDOWS\SYSTEM32\nvoglv64.DLL
0x00007ffcae830000 - 0x00007ffcae843000 	C:\WINDOWS\SYSTEM32\WTSAPI32.dll
0x00007ffcb11c0000 - 0x00007ffcb11f1000 	C:\WINDOWS\SYSTEM32\ntmarta.dll
0x00007ffcb0fc0000 - 0x00007ffcb1015000 	C:\WINDOWS\SYSTEM32\WINSTA.dll
0x00007ffca9d70000 - 0x00007ffca9df2000 	C:\WINDOWS\System32\TextInputFramework.dll
0x00007ffcac370000 - 0x00007ffcac642000 	C:\WINDOWS\System32\CoreUIComponents.dll
0x00007ffcafbc0000 - 0x00007ffcafca3000 	C:\WINDOWS\System32\CoreMessaging.dll
0x00007ffcad320000 - 0x00007ffcad459000 	C:\WINDOWS\SYSTEM32\wintypes.dll
0x00007ffcae910000 - 0x00007ffcae925000 	C:\WINDOWS\SYSTEM32\usermgrcli.dll
0x00007ffc85740000 - 0x00007ffc8579c000 	C:\Users\Kekzdealer\AppData\Local\Temp\lwjglKekzdealer\3.1.2-build-29\lwjgl_opengl.dll
0x00007ffc807c0000 - 0x00007ffc80835000 	C:\Users\Kekzdealer\AppData\Local\Temp\lwjglKekzdealer\3.1.2-build-29\lwjgl_stb.dll
0x00007ffcb1930000 - 0x00007ffcb193b000 	C:\WINDOWS\SYSTEM32\CRYPTBASE.DLL
0x00007ffc9f6f0000 - 0x00007ffc9f899000 	C:\WINDOWS\SYSTEM32\dbghelp.dll

VM Arguments:
jvm_args: -Djava.library.path=E:\GitHub\Kexdealers\lib\natives -Dfile.encoding=UTF-8 
java_command: example.LinkStart
java_class_path (initial): E:\GitHub\Kexdealers\bin;E:\GitHub\Kexdealers\lib\jars\lwjgl.jar;E:\GitHub\Kexdealers\lib\jars\lwjgl-glfw.jar;E:\GitHub\Kexdealers\lib\jars\joml-1.9.4.jar;E:\GitHub\Kexdealers\lib\jars\lwjgl-openal.jar;E:\GitHub\Kexdealers\lib\jars\lwjgl-opengl.jar;E:\GitHub\Kexdealers\lib\natives\lwjgl-glfw-natives-windows.jar;E:\GitHub\Kexdealers\lib\natives\lwjgl-natives-windows.jar;E:\GitHub\Kexdealers\lib\natives\lwjgl-openal-natives-windows.jar;E:\GitHub\Kexdealers\lib\natives\lwjgl-opengl-natives-windows.jar;E:\GitHub\Kexdealers\lib\jars\lwjgl-stb.jar;E:\GitHub\Kexdealers\lib\natives\lwjgl-stb-natives-windows.jar
Launcher Type: SUN_STANDARD

Environment Variables:
JAVA_HOME=E:\Programme\JDK
PATH=C:/Program Files/Java/jre1.8.0_144/bin/server;C:/Program Files/Java/jre1.8.0_144/bin;C:/Program Files/Java/jre1.8.0_144/lib/amd64;C:\ProgramData\Oracle\Java\javapath;C:\Windows\system32;C:\Windows;C:\Windows\System32\Wbem;C:\Windows\System32\WindowsPowerShell\v1.0\;C:\WINDOWS\system32;C:\WINDOWS;C:\WINDOWS\System32\Wbem;C:\WINDOWS\System32\WindowsPowerShell\v1.0\;C:\Program Files (x86)\GtkSharp\2.12\bin;C:\Program Files (x86)\NVIDIA Corporation\PhysX\Common;C:\WINDOWS\system32;C:\WINDOWS;C:\WINDOWS\System32\Wbem;C:\WINDOWS\System32\WindowsPowerShell\v1.0\;E:\Programme\apache-maven-3.5.0\bin;E:\Programme\Git\cmd;C:\Users\Kekzdealer\AppData\Local\Microsoft\WindowsApps;;C:\Users\Kekzdealer\eclipse\java-mars\eclipse;
USERNAME=Kekzdealer
OS=Windows_NT
PROCESSOR_IDENTIFIER=Intel64 Family 6 Model 60 Stepping 3, GenuineIntel



---------------  S Y S T E M  ---------------

OS: Windows 10.0 , 64 bit Build 15063 (10.0.15063.296)

CPU:total 8 (initial active 8) (4 cores per cpu, 2 threads per core) family 6 model 60 stepping 3, cmov, cx8, fxsr, mmx, sse, sse2, sse3, ssse3, sse4.1, sse4.2, popcnt, avx, avx2, aes, clmul, erms, lzcnt, ht, tsc, tscinvbit, bmi1, bmi2

Memory: 4k page, physical 16694448k(10061148k free), swap 33471664k(22047188k free)

vm_info: Java HotSpot(TM) 64-Bit Server VM (25.144-b01) for windows-amd64 JRE (1.8.0_144-b01), built on Jul 21 2017 21:57:33 by "java_re" with MS VC++ 10.0 (VS2010)

time: Tue Sep 05 01:10:46 2017
elapsed time: 1 seconds (0d 0h 0m 1s)

